2018-02-25 13:05:06,406 Namespace(batch_size=128, bench=False, bptt=20, checkpoint_dir='./checkpoint3/', checkpoint_interval=1, clip=10.0, data='/home/ubuntu/gbw/training-monolingual.tokenized.shuffled/*', dense=False, dropout=0.1, emsize=512, epochs=5, eps=0.0, expected_count=True, gpus='4,5,6,7', init=1, k=8192, kvstore='device', load_epoch=-1, log_interval=10000, lr=0.2, nhid=2048, nlayers=1, num_proj=512, per_ctx_clip=True, profile=False, py_sampler=False, rescale_embed=True, seed=1, unique=False, vocab='./data/ptb_vocab.txt', wd=0.0)
train.py:109: UserWarning: Optimizer created manually outside Module but rescale_grad is not normalized to 1.0/batch_size/num_workers (0.25 vs. 0.001953125). Is this intended?
  module.init_optimizer(optimizer=optimizer, kvstore=kvstore)
2018-02-25 13:05:15,761 Training started ... 
/home/ubuntu/tf/python/mxnet/ndarray/ndarray.py:1898: RuntimeWarning: You are attempting to copy an array to itself
  warnings.warn('You are attempting to copy an array to itself', RuntimeWarning)
2018-02-25 13:16:41,391 Iter[0] Batch [10000]	Speed: 150170.81 samples/sec
2018-02-25 13:16:41,392 Iter[0] Batch [10000] 	loss 5.1307875, ppl 169.1502714
2018-02-25 13:29:15,735 Iter[0] Batch [20000]	Speed: 135747.25 samples/sec
2018-02-25 13:29:15,735 Iter[0] Batch [20000] 	loss 4.7220469, ppl 112.3980822
['train.py', '--checkpoint-dir=./checkpoint3/', '--data=/home/ubuntu/gbw/training-monolingual.tokenized.shuffled/*', '--emsize=512', '--eps=0', '--gpus=4,5,6,7', '--nhid=2048', '--num_proj=512', '--per-ctx-clip', '--rescale-embed', '--clip=10', '--lr=0.2', '--expected-count', '--dropout=0.1', '--log-interval=10000', '--epoch=5']
Processing file: /home/ubuntu/gbw/training-monolingual.tokenized.shuffled/news.en-00079-of-00100
Finished processing!
['lstm_l0_h2h_bias', 'lstm_l0_i2h_weight', 'lstm_l0_i2h_bias', 'lstm_l0_pj_weight', 'lstm_l0_h2h_weight']
Processing file: /home/ubuntu/gbw/training-monolingual.tokenized.shuffled/news.en-00070-of-00100
Finished processing!
Processing file: /home/ubuntu/gbw/training-monolingual.tokenized.shuffled/news.en-00040-of-00100
Finished processing!
Processing file: /home/ubuntu/gbw/training-monolingual.tokenized.shuffled/news.en-00064-of-00100
Finished processing!
Processing file: /home/ubuntu/gbw/training-monolingual.tokenized.shuffled/news.en-00017-of-00100
Finished processing!
Processing file: /home/ubuntu/gbw/training-monolingual.tokenized.shuffled/news.en-00030-of-00100
Finished processing!
Processing file: /home/ubuntu/gbw/training-monolingual.tokenized.shuffled/news.en-00038-of-00100
Finished processing!
Processing file: /home/ubuntu/gbw/training-monolingual.tokenized.shuffled/news.en-00034-of-00100
Finished processing!
Processing file: /home/ubuntu/gbw/training-monolingual.tokenized.shuffled/news.en-00078-of-00100
Finished processing!
Processing file: /home/ubuntu/gbw/training-monolingual.tokenized.shuffled/news.en-00031-of-00100
Finished processing!
Processing file: /home/ubuntu/gbw/training-monolingual.tokenized.shuffled/news.en-00018-of-00100
Finished processing!
Processing file: /home/ubuntu/gbw/training-monolingual.tokenized.shuffled/news.en-00014-of-00100
Finished processing!
Processing file: /home/ubuntu/gbw/training-monolingual.tokenized.shuffled/news.en-00011-of-00100
Finished processing!
Processing file: /home/ubuntu/gbw/training-monolingual.tokenized.shuffled/news.en-00007-of-00100
Finished processing!
Processing file: /home/ubuntu/gbw/training-monolingual.tokenized.shuffled/news.en-00082-of-00100
Finished processing!
Processing file: /home/ubuntu/gbw/training-monolingual.tokenized.shuffled/news.en-00059-of-00100
Finished processing!
Processing file: /home/ubuntu/gbw/training-monolingual.tokenized.shuffled/news.en-00039-of-00100
Finished processing!
Processing file: /home/ubuntu/gbw/training-monolingual.tokenized.shuffled/news.en-00051-of-00100
Finished processing!
Processing file: /home/ubuntu/gbw/training-monolingual.tokenized.shuffled/news.en-00072-of-00100
Finished processing!
Processing file: /home/ubuntu/gbw/training-monolingual.tokenized.shuffled/news.en-00028-of-00100
Finished processing!
Processing file: /home/ubuntu/gbw/training-monolingual.tokenized.shuffled/news.en-00080-of-00100
Finished processing!
Processing file: /home/ubuntu/gbw/training-monolingual.tokenized.shuffled/news.en-00046-of-00100
Finished processing!
Processing file: /home/ubuntu/gbw/training-monolingual.tokenized.shuffled/news.en-00019-of-00100
Finished processing!
Processing file: /home/ubuntu/gbw/training-monolingual.tokenized.shuffled/news.en-00053-of-00100
Finished processing!
Processing file: /home/ubuntu/gbw/training-monolingual.tokenized.shuffled/news.en-00029-of-00100
Finished processing!
Processing file: /home/ubuntu/gbw/training-monolingual.tokenized.shuffled/news.en-00035-of-00100
Finished processing!
Processing file: /home/ubuntu/gbw/training-monolingual.tokenized.shuffled/news.en-00022-of-00100
Finished processing!
Processing file: /home/ubuntu/gbw/training-monolingual.tokenized.shuffled/news.en-00042-of-00100
Finished processing!
Processing file: /home/ubuntu/gbw/training-monolingual.tokenized.shuffled/news.en-00060-of-00100
Finished processing!
Processing file: /home/ubuntu/gbw/training-monolingual.tokenized.shuffled/news.en-00097-of-00100
Finished processing!
Processing file: /home/ubuntu/gbw/training-monolingual.tokenized.shuffled/news.en-00076-of-00100
Finished processing!
P2018-02-25 13:41:51,968 Iter[0] Batch [30000]	Speed: 135408.08 samples/sec
2018-02-25 13:41:51,968 Iter[0] Batch [30000] 	loss 4.6277566, ppl 102.2843380
2018-02-25 13:54:35,165 Iter[0] Batch [40000]	Speed: 134172.36 samples/sec
2018-02-25 13:54:35,166 Iter[0] Batch [40000] 	loss 4.5770353, ppl 97.2257226
2018-02-25 14:07:17,541 Iter[0] Batch [50000]	Speed: 134317.06 samples/sec
2018-02-25 14:07:17,542 Iter[0] Batch [50000] 	loss 4.5428672, ppl 93.9598147
rocessing file: /home/ubuntu/gbw/training-monolingual.tokenized.shuffled/news.en-00050-of-00100
Finished processing!
Processing file: /home/ubuntu/gbw/training-monolingual.tokenized.shuffled/news.en-00073-of-00100
Finished processing!
Processing file: /home/ubuntu/gbw/training-monolingual.tokenized.shuffled/news.en-00088-of-00100
Finished processing!
Processing file: /home/ubuntu/gbw/training-monolingual.tokenized.shuffled/news.en-00015-of-00100
Finished processing!
Processing file: /home/ubuntu/gbw/training-monolingual.tokenized.shuffled/news.en-00008-of-00100
Finished processing!
Processing file: /home/ubuntu/gbw/training-monolingual.tokenized.shuffled/news.en-00004-of-00100
Finished processing!
Processing file: /home/ubuntu/gbw/training-monolingual.tokenized.shuffled/news.en-00020-of-00100
Finished processing!
Processing file: /home/ubuntu/gbw/training-monolingual.tokenized.shuffled/news.en-00041-of-00100
Finished processing!
Processing file: /home/ubuntu/gbw/training-monolingual.tokenized.shuffled/news.en-00025-of-00100
Finished processing!
Processing file: /home/ubuntu/gbw/training-monolingual.tokenized.shuffled/news.en-00023-of-00100
Finished processing!
Processing file: /home/ubuntu/gbw/training-monolingual.tokenized.shuffled/news.en-00081-of-00100
Finished processing!
Processing file: /home/ubuntu/gbw/training-monolingual.tokenized.shuffled/news.en-00055-of-00100
Finished processing!
Processing file: /home/ubuntu/gbw/training-monolingual.tokenized.shuffled/news.en-00021-of-00100
Finished processing!
Processing file: /home/ubuntu/gbw/training-monolingual.tokenized.shuffled/news.en-00010-of-00100
Finished processing!
Processing file: /home/ubuntu/gbw/training-monolingual.tokenized.shuffled/news.en-00045-of-00100
Finished processing!
Processing file: /home/ubuntu/gbw/training-monolingual.tokenized.shuffled/news.en-00071-of-00100
Finished processing!
Processing file: /home/ubuntu/gbw/training-monolingual.tokenized.shuffled/news.en-00049-of-00100
Finished processing!
Processing file: /home/ubuntu/gbw/training-monolingual.tokenized.shuffled/news.en-00086-of-00100
Finished processing!
Processing file: /home/ubuntu/gbw/training-monolingual.tokenized.shuffled/news.en-00066-of-00100
Finished processing!
Processing file: /home/ubuntu/gbw/training-monolingual.tokenized.shuffled/news.en-00002-of-00100
Finished processing!
Processing file: /home/ubuntu/gbw/training-monolingual.tokenized.shuffled/news.en-00094-of-00100
Finished processing!
Processing file: /home/ubuntu/gbw/training-monolingual.tokenized.shuffled/news.en-00047-of-00100
Finished processing!
Processing file: /home/ubuntu/gbw/training-monolingual.tokenized.shuffled/news.en-00009-of-00100
Finished processing!
Processing file: /home/ubuntu/gbw/training-monolingual.tokenized.shuffled/news.en-00087-of-00100
Finished processing!
Processing file: /home/ubuntu/gbw/training-monolingual.tokenized.shuffled/news.en-00012-of-00100
Finished processing!
Processing file: /home/ubuntu/gbw/training-monolingual.tokenized.shuffled/news.en-00075-of-00100
Finished processing!
Processing file: /home/ubuntu/gbw/training-monolingual.tokenized.shuffled/news.en-00074-of-00100
Finished processing!
Processing file: /home/ubuntu/gbw/training-monolingual.tokenized.shuffled/news.en-00067-of-00100
Finished processing!
Processing file: /home/ubuntu/gbw/training-monolingual.tokenized.shuffled/news.en-00026-of-00100
Finished processing!
Processing file: /home/ubuntu/gbw/training-monolingual.tokenized.shuffled/news.en-00084-of-00100
Finished processing!
Processing file: /home/ubuntu/gbw/training-monolingual.tokenized.shuffled/news.en-00003-of-00100
Finished processing!
Processing file: /home/ubuntu/gbw/training-monolingual.tokenized.shuffled/news.en-00085-of-00100
Finished processing!
Processing file: /home/ubuntu/gbw/training-monolingual.tokenized.shuffled/news.en-00062-of-00100
Finished processing!
Processing file: /home/ubuntu/gbw/training-monolingual.tokenized.shuffled/news.en-00061-of-00100
Finished processing!
Processing file: /home/ubuntu/gbw/training-monolingual.tokenized.shuffled/news.en-0002018-02-25 14:19:55,317 Iter[0] Batch [60000]	Speed: 135132.48 samples/sec
2018-02-25 14:19:55,317 Iter[0] Batch [60000] 	loss 4.5192659, ppl 91.7682096
2018-02-25 14:32:36,992 Iter[0] Batch [70000]	Speed: 134440.53 samples/sec
2018-02-25 14:32:36,992 Iter[0] Batch [70000] 	loss 4.5011506, ppl 90.1207669
2018-02-25 14:42:50,717 Saved checkpoint to "./checkpoint3/-0000.params"
2018-02-25 14:42:51,646 Saved optimizer state to "./checkpoint3/-0000.states"
2018-02-25 14:43:37,252 Iter[0]		 CE loss 4.0141060, ppl 55.3737668. Time cost = 45.53 seconds
13-of-00100
Finished processing!
Processing file: /home/ubuntu/gbw/training-monolingual.tokenized.shuffled/news.en-00057-of-00100
Finished processing!
Processing file: /home/ubuntu/gbw/training-monolingual.tokenized.shuffled/news.en-00090-of-00100
Finished processing!
Processing file: /home/ubuntu/gbw/training-monolingual.tokenized.shuffled/news.en-00098-of-00100
Finished processing!
Processing file: /home/ubuntu/gbw/training-monolingual.tokenized.shuffled/news.en-00077-of-00100
Finished processing!
Processing file: /home/ubuntu/gbw/training-monolingual.tokenized.shuffled/news.en-00024-of-00100
Finished processing!
Processing file: /home/ubuntu/gbw/training-monolingual.tokenized.shuffled/news.en-00027-of-00100
Finished processing!
Processing file: /home/ubuntu/gbw/training-monolingual.tokenized.shuffled/news.en-00016-of-00100
Finished processing!
Processing file: /home/ubuntu/gbw/training-monolingual.tokenized.shuffled/news.en-00063-of-00100
Finished processing!
Processing file: /home/ubuntu/gbw/training-monolingual.tokenized.shuffled/news.en-00044-of-00100
Finished processing!
Processing file: /home/ubuntu/gbw/training-monolingual.tokenized.shuffled/news.en-00099-of-00100
Finished processing!
Processing file: /home/ubuntu/gbw/training-monolingual.tokenized.shuffled/news.en-00005-of-00100
Finished processing!
Processing file: /home/ubuntu/gbw/training-monolingual.tokenized.shuffled/news.en-00058-of-00100
Finished processing!
Processing file: /home/ubuntu/gbw/training-monolingual.tokenized.shuffled/news.en-00033-of-00100
Finished processing!
Processing file: /home/ubuntu/gbw/training-monolingual.tokenized.shuffled/news.en-00095-of-00100
Finished processing!
Processing file: /home/ubuntu/gbw/training-monolingual.tokenized.shuffled/news.en-00032-of-00100
Finished processing!
Processing file: /home/ubuntu/gbw/training-monolingual.tokenized.shuffled/news.en-00092-of-00100
Finished processing!
Processing file: /home/ubuntu/gbw/training-monolingual.tokenized.shuffled/news.en-00006-of-00100
Finished processing!
Processing file: /home/ubuntu/gbw/training-monolingual.tokenized.shuffled/news.en-00069-of-00100
Finished processing!
Processing file: /home/ubuntu/gbw/training-monolingual.tokenized.shuffled/news.en-00068-of-00100
Finished processing!
Processing file: /home/ubuntu/gbw/training-monolingual.tokenized.shuffled/news.en-00048-of-00100
Finished processing!
Processing file: /home/ubuntu/gbw/training-monolingual.tokenized.shuffled/news.en-00093-of-00100
Finished processing!
Processing file: /home/ubuntu/gbw/training-monolingual.tokenized.shuffled/news.en-00036-of-00100
Finished processing!
Processing file: /home/ubuntu/gbw/training-monolingual.tokenized.shuffled/news.en-00089-of-00100
Finished processing!
Processing file: /home/ubuntu/gbw/training-monolingual.tokenized.shuffled/news.en-00065-of-00100
Finished processing!
Processing file: /home/ubuntu/gbw/training-monolingual.tokenized.shuffled/news.en-00037-of-00100
Finished processing!
Processing file: /home/ubuntu/gbw/training-monolingual.tokenized.shuffled/news.en-00096-of-00100
Finished processing!
Processing file: /home/ubuntu/gbw/training-monolingual.tokenized.shuffled/news.en-00043-of-00100
Finished processing!
Processing file: /home/ubuntu/gbw/training-monolingual.tokenized.shuffled/news.en-00091-of-00100
Finished processing!
Processing file: /home/ubuntu/gbw/training-monolingual.tokenized.shuffled/news.en-00054-of-00100
Finished processing!
Processing file: /home/ubuntu/gbw/training-monolingual.tokenized.shuffled/news.en-00001-of-00100
Finished processing!
Processing file: /home/ubuntu/gbw/training-monolingual.tokenized.shuffled/news.en-00056-of-00100
Finished processing!
Processing file: /home/ubuntu/gbw/training-monolingual.tokenized.shuffled/news.en-00083-of-00100
Finished processing!
Processing file: /home/ubuntu/gbw/training-monolingual.tokenized.shuffled/news.en-00052-of-00100
Finished processing!
[]
Processing file: /home/ubuntu/gbw-validation/heldout-monolingual.tokenized.shuffled/news.en.heldout-00000-of-00050
Finished processing!
reset
reset
Processing file: /2018-02-25 14:55:46,651 Iter[1] Batch [10000]	Speed: 140811.63 samples/sec
2018-02-25 14:55:46,651 Iter[1] Batch [10000] 	loss 4.4669875, ppl 87.0939569
2018-02-25 15:07:34,621 Iter[1] Batch [20000]	Speed: 144638.90 samples/sec
2018-02-25 15:07:34,621 Iter[1] Batch [20000] 	loss 4.4618544, ppl 86.6480382
home/ubuntu/gbw-validation/heldout-monolingual.tokenized.shuffled/news.en.heldout-00000-of-00050
Processing file: /home/ubuntu/gbw/training-monolingual.tokenized.shuffled/news.en-00098-of-00100
Finished processing!
Finished processing!
Processing file: /home/ubuntu/gbw/training-monolingual.tokenized.shuffled/news.en-00003-of-00100
Finished processing!
Processing file: /home/ubuntu/gbw/training-monolingual.tokenized.shuffled/news.en-00083-of-00100
Finished processing!
Processing file: /home/ubuntu/gbw/training-monolingual.tokenized.shuffled/news.en-00077-of-00100
Finished processing!
Processing file: /home/ubuntu/gbw/training-monolingual.tokenized.shuffled/news.en-00092-of-00100
Finished processing!
Processing file: /home/ubuntu/gbw/training-monolingual.tokenized.shuffled/news.en-00091-of-00100
Finished processing!
Processing file: /home/ubuntu/gbw/training-monolingual.tokenized.shuffled/news.en-00088-of-00100
Finished processing!
Processing file: /home/ubuntu/gbw/training-monolingual.tokenized.shuffled/news.en-00023-of-00100
Finished processing!
Processing file: /home/ubuntu/gbw/training-monolingual.tokenized.shuffled/news.en-00024-of-00100
Finished processing!
Processing file: /home/ubuntu/gbw/training-monolingual.tokenized.shuffled/news.en-00052-of-00100
Finished processing!
Processing file: /home/ubuntu/gbw/training-monolingual.tokenized.shuffled/news.en-00070-of-00100
Finished processing!
Processing file: /home/ubuntu/gbw/training-monolingual.tokenized.shuffled/news.en-00030-of-00100
Finished processing!
Processing file: /home/ubuntu/gbw/training-monolingual.tokenized.shuffled/news.en-00033-of-00100
Finished processing!
Processing file: /home/ubuntu/gbw/training-monolingual.tokenized.shuffled/news.en-00034-of-00100
Finished processing!
Processing file: /home/ubuntu/gbw/training-monolingual.tokenized.shuffled/news.en-00001-of-00100
Finished processing!
Processing file: /home/ubuntu/gbw/training-monolingual.tokenized.shuffled/news.en-00008-of-00100
Finished processing!
Processing file: /home/ubuntu/gbw/training-monolingual.tokenized.shuffled/news.en-00017-of-00100
Finished processing!
Processing file: /home/ubuntu/gbw/training-monolingual.tokenized.shuffled/news.en-00055-of-00100
Finished processing!
Processing file: /home/ubuntu/gbw/training-monolingual.tokenized.shuffled/news.en-00058-of-00100
Finished processing!
Processing file: /home/ubuntu/gbw/training-monolingual.tokenized.shuffled/news.en-00013-of-00100
Finished processing!
Processing file: /home/ubuntu/gbw/training-monolingual.tokenized.shuffled/news.en-00040-of-00100
Finished processing!
Processing file: /home/ubuntu/gbw/training-monolingual.tokenized.shuffled/news.en-00027-of-00100
Finished processing!
Processing file: /home/ubuntu/gbw/training-monolingual.tokenized.shuffled/news.en-00028-of-00100
Finished processing!
Processing file: /home/ubuntu/gbw/training-monolingual.tokenized.shuffled/news.en-00044-of-00100
Finished processing!
Processing file: /home/ubuntu/gbw/training-monolingual.tokenized.shuffled/news.en-00097-of-00100
Finished processing!
Processing file: /home/ubuntu/gbw/training-monolingual.tokenized.shuffled/news.en-00021-of-00100
Finished processing!
Processing file: /home/ubuntu/gbw/training-monolingual.tokenized.shuffled/news.en-00049-of-00100
Finished processing!
Processing file: /home/ubuntu/gbw/training-monolingual.tokenized.shuffled/news.en-00032-of-00100
Finished processing!
Processing file: /home/ubuntu/gbw/training-monolingual.tokenized.shuffled/news.en-00002-of-00100
Finished processing!
Processing file: /home/ubuntu/gbw/training-monolingual.tokenized.shuffled/news.en-00019-of-00100
Finished processing!
Processing file: /home/ubuntu/gbw/training-monolingual.tokenized.shuffled/news.en-00025-of-00100
Finished processing!
Processing file: /home/ubuntu/gbw/training-monolingual.tokenized.shuffled/news.en-00037-of-00100
Finished processing!
Processing file: /home/ubuntu/gbw/training-monolingual.tokenized.shuffled/news.en-00018-of-00100
Finished processing!
Processing file: /home/ubuntu/gbw/training-monolingual.tokenized.shuffled/news.en-002018-02-25 15:19:26,156 Iter[1] Batch [30000]	Speed: 143914.23 samples/sec
2018-02-25 15:19:26,156 Iter[1] Batch [30000] 	loss 4.4524166, ppl 85.8341171
2018-02-25 15:31:17,132 Iter[1] Batch [40000]	Speed: 144027.43 samples/sec
2018-02-25 15:31:17,133 Iter[1] Batch [40000] 	loss 4.4455391, ppl 85.2458183
2018-02-25 15:43:09,960 Iter[1] Batch [50000]	Speed: 143653.27 samples/sec
2018-02-25 15:43:09,960 Iter[1] Batch [50000] 	loss 4.4392850, ppl 84.7143493
038-of-00100
Finished processing!
Processing file: /home/ubuntu/gbw/training-monolingual.tokenized.shuffled/news.en-00085-of-00100
Finished processing!
Processing file: /home/ubuntu/gbw/training-monolingual.tokenized.shuffled/news.en-00004-of-00100
Finished processing!
Processing file: /home/ubuntu/gbw/training-monolingual.tokenized.shuffled/news.en-00093-of-00100
Finished processing!
Processing file: /home/ubuntu/gbw/training-monolingual.tokenized.shuffled/news.en-00090-of-00100
Finished processing!
Processing file: /home/ubuntu/gbw/training-monolingual.tokenized.shuffled/news.en-00006-of-00100
Finished processing!
Processing file: /home/ubuntu/gbw/training-monolingual.tokenized.shuffled/news.en-00048-of-00100
Finished processing!
Processing file: /home/ubuntu/gbw/training-monolingual.tokenized.shuffled/news.en-00089-of-00100
Finished processing!
Processing file: /home/ubuntu/gbw/training-monolingual.tokenized.shuffled/news.en-00079-of-00100
Finished processing!
Processing file: /home/ubuntu/gbw/training-monolingual.tokenized.shuffled/news.en-00035-of-00100
Finished processing!
Processing file: /home/ubuntu/gbw/training-monolingual.tokenized.shuffled/news.en-00096-of-00100
Finished processing!
Processing file: /home/ubuntu/gbw/training-monolingual.tokenized.shuffled/news.en-00080-of-00100
Finished processing!
Processing file: /home/ubuntu/gbw/training-monolingual.tokenized.shuffled/news.en-00086-of-00100
Finished processing!
Processing file: /home/ubuntu/gbw/training-monolingual.tokenized.shuffled/news.en-00026-of-00100
Finished processing!
Processing file: /home/ubuntu/gbw/training-monolingual.tokenized.shuffled/news.en-00010-of-00100
Finished processing!
Processing file: /home/ubuntu/gbw/training-monolingual.tokenized.shuffled/news.en-00084-of-00100
Finished processing!
Processing file: /home/ubuntu/gbw/training-monolingual.tokenized.shuffled/news.en-00011-of-00100
Finished processing!
Processing file: /home/ubuntu/gbw/training-monolingual.tokenized.shuffled/news.en-00071-of-00100
Finished processing!
Processing file: /home/ubuntu/gbw/training-monolingual.tokenized.shuffled/news.en-00041-of-00100
Finished processing!
Processing file: /home/ubuntu/gbw/training-monolingual.tokenized.shuffled/news.en-00076-of-00100
Finished processing!
Processing file: /home/ubuntu/gbw/training-monolingual.tokenized.shuffled/news.en-00057-of-00100
Finished processing!
Processing file: /home/ubuntu/gbw/training-monolingual.tokenized.shuffled/news.en-00078-of-00100
Finished processing!
Processing file: /home/ubuntu/gbw/training-monolingual.tokenized.shuffled/news.en-00067-of-00100
Finished processing!
Processing file: /home/ubuntu/gbw/training-monolingual.tokenized.shuffled/news.en-00053-of-00100
Finished processing!
Processing file: /home/ubuntu/gbw/training-monolingual.tokenized.shuffled/news.en-00059-of-00100
Finished processing!
Processing file: /home/ubuntu/gbw/training-monolingual.tokenized.shuffled/news.en-00095-of-00100
Finished processing!
Processing file: /home/ubuntu/gbw/training-monolingual.tokenized.shuffled/news.en-00045-of-00100
Finished processing!
Processing file: /home/ubuntu/gbw/training-monolingual.tokenized.shuffled/news.en-00087-of-00100
Finished processing!
Processing file: /home/ubuntu/gbw/training-monolingual.tokenized.shuffled/news.en-00020-of-00100
Finished processing!
Processing file: /home/ubuntu/gbw/training-monolingual.tokenized.shuffled/news.en-00014-of-00100
Finished processing!
Processing file: /home/ubuntu/gbw/training-monolingual.tokenized.shuffled/news.en-00039-of-00100
Finished processing!
Processing file: /home/ubuntu/gbw/training-monolingual.tokenized.shuffled/news.en-00066-of-00100
Finished processing!
Processing file: /home/ubuntu/gbw/training-monolingual.tokenized.shuffled/news.en-00073-of-00100
Finished processing!
Processing file: /home/ubuntu/gbw/training-monolingual.tokenized.shuffled/news.en-00063-of-00100
Finished processing!
Processing file: /home/ubuntu/gbw/training-monolingual.tokenized.shuffled/news.en-00042-of-00100
Finished processing!
Processing file: /home/ubuntu/gbw/training-monolin2018-02-25 15:55:03,766 Iter[1] Batch [60000]	Speed: 143456.44 samples/sec
2018-02-25 15:55:03,766 Iter[1] Batch [60000] 	loss 4.4315003, ppl 84.0574348
2018-02-25 16:06:49,252 Iter[1] Batch [70000]	Speed: 145148.27 samples/sec
2018-02-25 16:06:49,252 Iter[1] Batch [70000] 	loss 4.4269834, ppl 83.6786140
2018-02-25 16:16:20,518 Saved checkpoint to "./checkpoint3/-0000.params"
2018-02-25 16:16:21,454 Saved optimizer state to "./checkpoint3/-0000.states"
2018-02-25 16:16:56,824 Iter[1]		 CE loss 3.7454285, ppl 42.3271396. Time cost = 35.27 seconds
gual.tokenized.shuffled/news.en-00069-of-00100
Finished processing!
Processing file: /home/ubuntu/gbw/training-monolingual.tokenized.shuffled/news.en-00043-of-00100
Finished processing!
Processing file: /home/ubuntu/gbw/training-monolingual.tokenized.shuffled/news.en-00074-of-00100
Finished processing!
Processing file: /home/ubuntu/gbw/training-monolingual.tokenized.shuffled/news.en-00046-of-00100
Finished processing!
Processing file: /home/ubuntu/gbw/training-monolingual.tokenized.shuffled/news.en-00009-of-00100
Finished processing!
Processing file: /home/ubuntu/gbw/training-monolingual.tokenized.shuffled/news.en-00015-of-00100
Finished processing!
Processing file: /home/ubuntu/gbw/training-monolingual.tokenized.shuffled/news.en-00056-of-00100
Finished processing!
Processing file: /home/ubuntu/gbw/training-monolingual.tokenized.shuffled/news.en-00094-of-00100
Finished processing!
Processing file: /home/ubuntu/gbw/training-monolingual.tokenized.shuffled/news.en-00054-of-00100
Finished processing!
Processing file: /home/ubuntu/gbw/training-monolingual.tokenized.shuffled/news.en-00075-of-00100
Finished processing!
Processing file: /home/ubuntu/gbw/training-monolingual.tokenized.shuffled/news.en-00082-of-00100
Finished processing!
Processing file: /home/ubuntu/gbw/training-monolingual.tokenized.shuffled/news.en-00047-of-00100
Finished processing!
Processing file: /home/ubuntu/gbw/training-monolingual.tokenized.shuffled/news.en-00029-of-00100
Finished processing!
Processing file: /home/ubuntu/gbw/training-monolingual.tokenized.shuffled/news.en-00007-of-00100
Finished processing!
Processing file: /home/ubuntu/gbw/training-monolingual.tokenized.shuffled/news.en-00022-of-00100
Finished processing!
Processing file: /home/ubuntu/gbw/training-monolingual.tokenized.shuffled/news.en-00061-of-00100
Finished processing!
Processing file: /home/ubuntu/gbw/training-monolingual.tokenized.shuffled/news.en-00068-of-00100
Finished processing!
Processing file: /home/ubuntu/gbw/training-monolingual.tokenized.shuffled/news.en-00060-of-00100
Finished processing!
Processing file: /home/ubuntu/gbw/training-monolingual.tokenized.shuffled/news.en-00062-of-00100
Finished processing!
Processing file: /home/ubuntu/gbw/training-monolingual.tokenized.shuffled/news.en-00005-of-00100
Finished processing!
Processing file: /home/ubuntu/gbw/training-monolingual.tokenized.shuffled/news.en-00031-of-00100
Finished processing!
Processing file: /home/ubuntu/gbw/training-monolingual.tokenized.shuffled/news.en-00036-of-00100
Finished processing!
Processing file: /home/ubuntu/gbw/training-monolingual.tokenized.shuffled/news.en-00016-of-00100
Finished processing!
Processing file: /home/ubuntu/gbw/training-monolingual.tokenized.shuffled/news.en-00050-of-00100
Finished processing!
Processing file: /home/ubuntu/gbw/training-monolingual.tokenized.shuffled/news.en-00051-of-00100
Finished processing!
Processing file: /home/ubuntu/gbw/training-monolingual.tokenized.shuffled/news.en-00012-of-00100
Finished processing!
Processing file: /home/ubuntu/gbw/training-monolingual.tokenized.shuffled/news.en-00072-of-00100
Finished processing!
Processing file: /home/ubuntu/gbw/training-monolingual.tokenized.shuffled/news.en-00065-of-00100
Finished processing!
Processing file: /home/ubuntu/gbw/training-monolingual.tokenized.shuffled/news.en-00081-of-00100
Finished processing!
Processing file: /home/ubuntu/gbw/training-monolingual.tokenized.shuffled/news.en-00064-of-00100
Finished processing!
Processing file: /home/ubuntu/gbw/training-monolingual.tokenized.shuffled/news.en-00099-of-00100
Finished processing!
[]
Processing file: /home/ubuntu/gbw-validation/heldout-monolingual.tokenized.shuffled/news.en.heldout-00000-of-00050
Finished processing!
reset
reset
Processing file: /home/ubuntu/gbw-validation/heldout-monolingual.tokenized.shuffled/news.en.heldout-00000-of-00050
Processing file: /home/ubuntu/gbw/training-monolingual.tokenized.shuffled/news.en-00062-of-00100
Finished processing!
Finished processing!
Processing file: /home/ubuntu/gbw/training-monolingual.tokenized.shuffled/news.en-02018-02-25 16:28:49,578 Iter[2] Batch [10000]	Speed: 144120.33 samples/sec
2018-02-25 16:28:49,578 Iter[2] Batch [10000] 	loss 4.4078431, ppl 82.0922098
2018-02-25 16:40:38,490 Iter[2] Batch [20000]	Speed: 144446.85 samples/sec
2018-02-25 16:40:38,490 Iter[2] Batch [20000] 	loss 4.4097819, ppl 82.2515204
0005-of-00100
Finished processing!
Processing file: /home/ubuntu/gbw/training-monolingual.tokenized.shuffled/news.en-00082-of-00100
Finished processing!
Processing file: /home/ubuntu/gbw/training-monolingual.tokenized.shuffled/news.en-00001-of-00100
Finished processing!
Processing file: /home/ubuntu/gbw/training-monolingual.tokenized.shuffled/news.en-00094-of-00100
Finished processing!
Processing file: /home/ubuntu/gbw/training-monolingual.tokenized.shuffled/news.en-00070-of-00100
Finished processing!
Processing file: /home/ubuntu/gbw/training-monolingual.tokenized.shuffled/news.en-00007-of-00100
Finished processing!
Processing file: /home/ubuntu/gbw/training-monolingual.tokenized.shuffled/news.en-00091-of-00100
Finished processing!
Processing file: /home/ubuntu/gbw/training-monolingual.tokenized.shuffled/news.en-00049-of-00100
Finished processing!
Processing file: /home/ubuntu/gbw/training-monolingual.tokenized.shuffled/news.en-00021-of-00100
Finished processing!
Processing file: /home/ubuntu/gbw/training-monolingual.tokenized.shuffled/news.en-00012-of-00100
Finished processing!
Processing file: /home/ubuntu/gbw/training-monolingual.tokenized.shuffled/news.en-00065-of-00100
Finished processing!
Processing file: /home/ubuntu/gbw/training-monolingual.tokenized.shuffled/news.en-00063-of-00100
Finished processing!
Processing file: /home/ubuntu/gbw/training-monolingual.tokenized.shuffled/news.en-00025-of-00100
Finished processing!
Processing file: /home/ubuntu/gbw/training-monolingual.tokenized.shuffled/news.en-00040-of-00100
Finished processing!
Processing file: /home/ubuntu/gbw/training-monolingual.tokenized.shuffled/news.en-00058-of-00100
Finished processing!
Processing file: /home/ubuntu/gbw/training-monolingual.tokenized.shuffled/news.en-00087-of-00100
Finished processing!
Processing file: /home/ubuntu/gbw/training-monolingual.tokenized.shuffled/news.en-00093-of-00100
Finished processing!
Processing file: /home/ubuntu/gbw/training-monolingual.tokenized.shuffled/news.en-00079-of-00100
Finished processing!
Processing file: /home/ubuntu/gbw/training-monolingual.tokenized.shuffled/news.en-00031-of-00100
Finished processing!
Processing file: /home/ubuntu/gbw/training-monolingual.tokenized.shuffled/news.en-00039-of-00100
Finished processing!
Processing file: /home/ubuntu/gbw/training-monolingual.tokenized.shuffled/news.en-00028-of-00100
Finished processing!
Processing file: /home/ubuntu/gbw/training-monolingual.tokenized.shuffled/news.en-00033-of-00100
Finished processing!
Processing file: /home/ubuntu/gbw/training-monolingual.tokenized.shuffled/news.en-00041-of-00100
Finished processing!
Processing file: /home/ubuntu/gbw/training-monolingual.tokenized.shuffled/news.en-00060-of-00100
Finished processing!
Processing file: /home/ubuntu/gbw/training-monolingual.tokenized.shuffled/news.en-00036-of-00100
Finished processing!
Processing file: /home/ubuntu/gbw/training-monolingual.tokenized.shuffled/news.en-00098-of-00100
Finished processing!
Processing file: /home/ubuntu/gbw/training-monolingual.tokenized.shuffled/news.en-00057-of-00100
Finished processing!
Processing file: /home/ubuntu/gbw/training-monolingual.tokenized.shuffled/news.en-00026-of-00100
Finished processing!
Processing file: /home/ubuntu/gbw/training-monolingual.tokenized.shuffled/news.en-00016-of-00100
Finished processing!
Processing file: /home/ubuntu/gbw/training-monolingual.tokenized.shuffled/news.en-00084-of-00100
Finished processing!
Processing file: /home/ubuntu/gbw/training-monolingual.tokenized.shuffled/news.en-00006-of-00100
Finished processing!
Processing file: /home/ubuntu/gbw/training-monolingual.tokenized.shuffled/news.en-00074-of-00100
Finished processing!
Processing file: /home/ubuntu/gbw/training-monolingual.tokenized.shuffled/news.en-00088-of-00100
Finished processing!
Processing file: /home/ubuntu/gbw/training-monolingual.tokenized.shuffled/news.en-00081-of-00100
Finished processing!
Processing file: /home/ubuntu/gbw/training-monolingual.tokenized.shuffled/news.en-00067-of-00100
Finished processing!
Processing file: /home/ubuntu/gbw/training-monoli2018-02-25 16:52:32,748 Iter[2] Batch [30000]	Speed: 143365.57 samples/sec
2018-02-25 16:52:32,748 Iter[2] Batch [30000] 	loss 4.4067825, ppl 82.0051869
2018-02-25 17:04:20,708 Iter[2] Batch [40000]	Speed: 144641.00 samples/sec
2018-02-25 17:04:20,708 Iter[2] Batch [40000] 	loss 4.4042728, ppl 81.7996375
2018-02-25 17:16:09,718 Iter[2] Batch [50000]	Speed: 144426.78 samples/sec
2018-02-25 17:16:09,721 Iter[2] Batch [50000] 	loss 4.4004766, ppl 81.4896943
ngual.tokenized.shuffled/news.en-00034-of-00100
Finished processing!
Processing file: /home/ubuntu/gbw/training-monolingual.tokenized.shuffled/news.en-00032-of-00100
Finished processing!
Processing file: /home/ubuntu/gbw/training-monolingual.tokenized.shuffled/news.en-00061-of-00100
Finished processing!
Processing file: /home/ubuntu/gbw/training-monolingual.tokenized.shuffled/news.en-00097-of-00100
Finished processing!
Processing file: /home/ubuntu/gbw/training-monolingual.tokenized.shuffled/news.en-00042-of-00100
Finished processing!
Processing file: /home/ubuntu/gbw/training-monolingual.tokenized.shuffled/news.en-00045-of-00100
Finished processing!
Processing file: /home/ubuntu/gbw/training-monolingual.tokenized.shuffled/news.en-00024-of-00100
Finished processing!
Processing file: /home/ubuntu/gbw/training-monolingual.tokenized.shuffled/news.en-00096-of-00100
Finished processing!
Processing file: /home/ubuntu/gbw/training-monolingual.tokenized.shuffled/news.en-00072-of-00100
Finished processing!
Processing file: /home/ubuntu/gbw/training-monolingual.tokenized.shuffled/news.en-00013-of-00100
Finished processing!
Processing file: /home/ubuntu/gbw/training-monolingual.tokenized.shuffled/news.en-00052-of-00100
Finished processing!
Processing file: /home/ubuntu/gbw/training-monolingual.tokenized.shuffled/news.en-00030-of-00100
Finished processing!
Processing file: /home/ubuntu/gbw/training-monolingual.tokenized.shuffled/news.en-00017-of-00100
Finished processing!
Processing file: /home/ubuntu/gbw/training-monolingual.tokenized.shuffled/news.en-00018-of-00100
Finished processing!
Processing file: /home/ubuntu/gbw/training-monolingual.tokenized.shuffled/news.en-00008-of-00100
Finished processing!
Processing file: /home/ubuntu/gbw/training-monolingual.tokenized.shuffled/news.en-00002-of-00100
Finished processing!
Processing file: /home/ubuntu/gbw/training-monolingual.tokenized.shuffled/news.en-00075-of-00100
Finished processing!
Processing file: /home/ubuntu/gbw/training-monolingual.tokenized.shuffled/news.en-00044-of-00100
Finished processing!
Processing file: /home/ubuntu/gbw/training-monolingual.tokenized.shuffled/news.en-00056-of-00100
Finished processing!
Processing file: /home/ubuntu/gbw/training-monolingual.tokenized.shuffled/news.en-00027-of-00100
Finished processing!
Processing file: /home/ubuntu/gbw/training-monolingual.tokenized.shuffled/news.en-00029-of-00100
Finished processing!
Processing file: /home/ubuntu/gbw/training-monolingual.tokenized.shuffled/news.en-00078-of-00100
Finished processing!
Processing file: /home/ubuntu/gbw/training-monolingual.tokenized.shuffled/news.en-00054-of-00100
Finished processing!
Processing file: /home/ubuntu/gbw/training-monolingual.tokenized.shuffled/news.en-00048-of-00100
Finished processing!
Processing file: /home/ubuntu/gbw/training-monolingual.tokenized.shuffled/news.en-00095-of-00100
Finished processing!
Processing file: /home/ubuntu/gbw/training-monolingual.tokenized.shuffled/news.en-00003-of-00100
Finished processing!
Processing file: /home/ubuntu/gbw/training-monolingual.tokenized.shuffled/news.en-00015-of-00100
Finished processing!
Processing file: /home/ubuntu/gbw/training-monolingual.tokenized.shuffled/news.en-00010-of-00100
Finished processing!
Processing file: /home/ubuntu/gbw/training-monolingual.tokenized.shuffled/news.en-00011-of-00100
Finished processing!
Processing file: /home/ubuntu/gbw/training-monolingual.tokenized.shuffled/news.en-00073-of-00100
Finished processing!
Processing file: /home/ubuntu/gbw/training-monolingual.tokenized.shuffled/news.en-00019-of-00100
Finished processing!
Processing file: /home/ubuntu/gbw/training-monolingual.tokenized.shuffled/news.en-00089-of-00100
Finished processing!
Processing file: /home/ubuntu/gbw/training-monolingual.tokenized.shuffled/news.en-00092-of-00100
Finished processing!
Processing file: /home/ubuntu/gbw/training-monolingual.tokenized.shuffled/news.en-00064-of-00100
Finished processing!
Processing file: /home/ubuntu/gbw/training-monolingual.tokenized.shuffled/news.en-00014-of-00100
Finished processing!
Processing file2018-02-25 17:27:59,968 Iter[2] Batch [60000]	Speed: 144175.15 samples/sec
2018-02-25 17:27:59,968 Iter[2] Batch [60000] 	loss 4.3985306, ppl 81.3312747
2018-02-25 17:39:51,581 Iter[2] Batch [70000]	Speed: 143898.48 samples/sec
2018-02-25 17:39:51,582 Iter[2] Batch [70000] 	loss 4.3956819, ppl 81.0999119
2018-02-25 17:49:19,916 Saved checkpoint to "./checkpoint3/-0000.params"
2018-02-25 17:49:20,981 Saved optimizer state to "./checkpoint3/-0000.states"
2018-02-25 17:49:54,638 Iter[2]		 CE loss 3.6641327, ppl 39.0222791. Time cost = 33.57 seconds
: /home/ubuntu/gbw/training-monolingual.tokenized.shuffled/news.en-00035-of-00100
Finished processing!
Processing file: /home/ubuntu/gbw/training-monolingual.tokenized.shuffled/news.en-00046-of-00100
Finished processing!
Processing file: /home/ubuntu/gbw/training-monolingual.tokenized.shuffled/news.en-00068-of-00100
Finished processing!
Processing file: /home/ubuntu/gbw/training-monolingual.tokenized.shuffled/news.en-00020-of-00100
Finished processing!
Processing file: /home/ubuntu/gbw/training-monolingual.tokenized.shuffled/news.en-00051-of-00100
Finished processing!
Processing file: /home/ubuntu/gbw/training-monolingual.tokenized.shuffled/news.en-00023-of-00100
Finished processing!
Processing file: /home/ubuntu/gbw/training-monolingual.tokenized.shuffled/news.en-00059-of-00100
Finished processing!
Processing file: /home/ubuntu/gbw/training-monolingual.tokenized.shuffled/news.en-00083-of-00100
Finished processing!
Processing file: /home/ubuntu/gbw/training-monolingual.tokenized.shuffled/news.en-00022-of-00100
Finished processing!
Processing file: /home/ubuntu/gbw/training-monolingual.tokenized.shuffled/news.en-00090-of-00100
Finished processing!
Processing file: /home/ubuntu/gbw/training-monolingual.tokenized.shuffled/news.en-00071-of-00100
Finished processing!
Processing file: /home/ubuntu/gbw/training-monolingual.tokenized.shuffled/news.en-00043-of-00100
Finished processing!
Processing file: /home/ubuntu/gbw/training-monolingual.tokenized.shuffled/news.en-00053-of-00100
Finished processing!
Processing file: /home/ubuntu/gbw/training-monolingual.tokenized.shuffled/news.en-00066-of-00100
Finished processing!
Processing file: /home/ubuntu/gbw/training-monolingual.tokenized.shuffled/news.en-00076-of-00100
Finished processing!
Processing file: /home/ubuntu/gbw/training-monolingual.tokenized.shuffled/news.en-00077-of-00100
Finished processing!
Processing file: /home/ubuntu/gbw/training-monolingual.tokenized.shuffled/news.en-00080-of-00100
Finished processing!
Processing file: /home/ubuntu/gbw/training-monolingual.tokenized.shuffled/news.en-00037-of-00100
Finished processing!
Processing file: /home/ubuntu/gbw/training-monolingual.tokenized.shuffled/news.en-00069-of-00100
Finished processing!
Processing file: /home/ubuntu/gbw/training-monolingual.tokenized.shuffled/news.en-00099-of-00100
Finished processing!
Processing file: /home/ubuntu/gbw/training-monolingual.tokenized.shuffled/news.en-00086-of-00100
Finished processing!
Processing file: /home/ubuntu/gbw/training-monolingual.tokenized.shuffled/news.en-00004-of-00100
Finished processing!
Processing file: /home/ubuntu/gbw/training-monolingual.tokenized.shuffled/news.en-00055-of-00100
Finished processing!
Processing file: /home/ubuntu/gbw/training-monolingual.tokenized.shuffled/news.en-00047-of-00100
Finished processing!
Processing file: /home/ubuntu/gbw/training-monolingual.tokenized.shuffled/news.en-00050-of-00100
Finished processing!
Processing file: /home/ubuntu/gbw/training-monolingual.tokenized.shuffled/news.en-00009-of-00100
Finished processing!
Processing file: /home/ubuntu/gbw/training-monolingual.tokenized.shuffled/news.en-00085-of-00100
Finished processing!
Processing file: /home/ubuntu/gbw/training-monolingual.tokenized.shuffled/news.en-00038-of-00100
Finished processing!
[]
Processing file: /home/ubuntu/gbw-validation/heldout-monolingual.tokenized.shuffled/news.en.heldout-00000-of-00050
Finished processing!
reset
reset
Processing file: /home/ubuntu/gbw-validation/heldout-monolingual.tokenized.shuffled/news.en.heldout-00000-of-00050
Processing file: /home/ubuntu/gbw/training-monolingual.tokenized.shuffled/news.en-00043-of-00100
Finished processing!
Finished processing!
Processing file: /home/ubuntu/gbw/training-monolingual.tokenized.shuffled/news.en-00071-of-00100
Finished processing!
Processing file: /home/ubuntu/gbw/training-monolingual.tokenized.shuffled/news.en-00094-of-00100
Finished processing!
Processing file: /home/ubuntu/gbw/training-monolingual.tokenized.shuffled/news.en-00055-of-00100
Finished processing!
Processing file: /home/ubuntu/gbw/training-monol2018-02-25 18:01:45,514 Iter[3] Batch [10000]	Speed: 144526.08 samples/sec
2018-02-25 18:01:45,515 Iter[3] Batch [10000] 	loss 4.3825734, ppl 80.0437562
2018-02-25 18:13:31,459 Iter[3] Batch [20000]	Speed: 145053.98 samples/sec
2018-02-25 18:13:31,459 Iter[3] Batch [20000] 	loss 4.3824441, ppl 80.0334012
2018-02-25 18:25:18,684 Iter[3] Batch [30000]	Speed: 144791.22 samples/sec
2018-02-25 18:25:18,685 Iter[3] Batch [30000] 	loss 4.3829384, ppl 80.0729775
ingual.tokenized.shuffled/news.en-00060-of-00100
Finished processing!
Processing file: /home/ubuntu/gbw/training-monolingual.tokenized.shuffled/news.en-00005-of-00100
Finished processing!
Processing file: /home/ubuntu/gbw/training-monolingual.tokenized.shuffled/news.en-00063-of-00100
Finished processing!
Processing file: /home/ubuntu/gbw/training-monolingual.tokenized.shuffled/news.en-00015-of-00100
Finished processing!
Processing file: /home/ubuntu/gbw/training-monolingual.tokenized.shuffled/news.en-00032-of-00100
Finished processing!
Processing file: /home/ubuntu/gbw/training-monolingual.tokenized.shuffled/news.en-00012-of-00100
Finished processing!
Processing file: /home/ubuntu/gbw/training-monolingual.tokenized.shuffled/news.en-00020-of-00100
Finished processing!
Processing file: /home/ubuntu/gbw/training-monolingual.tokenized.shuffled/news.en-00011-of-00100
Finished processing!
Processing file: /home/ubuntu/gbw/training-monolingual.tokenized.shuffled/news.en-00056-of-00100
Finished processing!
Processing file: /home/ubuntu/gbw/training-monolingual.tokenized.shuffled/news.en-00088-of-00100
Finished processing!
Processing file: /home/ubuntu/gbw/training-monolingual.tokenized.shuffled/news.en-00080-of-00100
Finished processing!
Processing file: /home/ubuntu/gbw/training-monolingual.tokenized.shuffled/news.en-00097-of-00100
Finished processing!
Processing file: /home/ubuntu/gbw/training-monolingual.tokenized.shuffled/news.en-00068-of-00100
Finished processing!
Processing file: /home/ubuntu/gbw/training-monolingual.tokenized.shuffled/news.en-00066-of-00100
Finished processing!
Processing file: /home/ubuntu/gbw/training-monolingual.tokenized.shuffled/news.en-00093-of-00100
Finished processing!
Processing file: /home/ubuntu/gbw/training-monolingual.tokenized.shuffled/news.en-00028-of-00100
Finished processing!
Processing file: /home/ubuntu/gbw/training-monolingual.tokenized.shuffled/news.en-00098-of-00100
Finished processing!
Processing file: /home/ubuntu/gbw/training-monolingual.tokenized.shuffled/news.en-00050-of-00100
Finished processing!
Processing file: /home/ubuntu/gbw/training-monolingual.tokenized.shuffled/news.en-00077-of-00100
Finished processing!
Processing file: /home/ubuntu/gbw/training-monolingual.tokenized.shuffled/news.en-00046-of-00100
Finished processing!
Processing file: /home/ubuntu/gbw/training-monolingual.tokenized.shuffled/news.en-00040-of-00100
Finished processing!
Processing file: /home/ubuntu/gbw/training-monolingual.tokenized.shuffled/news.en-00051-of-00100
Finished processing!
Processing file: /home/ubuntu/gbw/training-monolingual.tokenized.shuffled/news.en-00062-of-00100
Finished processing!
Processing file: /home/ubuntu/gbw/training-monolingual.tokenized.shuffled/news.en-00045-of-00100
Finished processing!
Processing file: /home/ubuntu/gbw/training-monolingual.tokenized.shuffled/news.en-00073-of-00100
Finished processing!
Processing file: /home/ubuntu/gbw/training-monolingual.tokenized.shuffled/news.en-00002-of-00100
Finished processing!
Processing file: /home/ubuntu/gbw/training-monolingual.tokenized.shuffled/news.en-00004-of-00100
Finished processing!
Processing file: /home/ubuntu/gbw/training-monolingual.tokenized.shuffled/news.en-00018-of-00100
Finished processing!
Processing file: /home/ubuntu/gbw/training-monolingual.tokenized.shuffled/news.en-00047-of-00100
Finished processing!
Processing file: /home/ubuntu/gbw/training-monolingual.tokenized.shuffled/news.en-00030-of-00100
Finished processing!
Processing file: /home/ubuntu/gbw/training-monolingual.tokenized.shuffled/news.en-00034-of-00100
Finished processing!
Processing file: /home/ubuntu/gbw/training-monolingual.tokenized.shuffled/news.en-00084-of-00100
Finished processing!
Processing file: /home/ubuntu/gbw/training-monolingual.tokenized.shuffled/news.en-00044-of-00100
Finished processing!
Processing file: /home/ubuntu/gbw/training-monolingual.tokenized.shuffled/news.en-00075-of-00100
Finished processing!
Processing file: /home/ubuntu/gbw/training-monolingual.tokenized.shuffled/news.en-00096-of-00100
Finished processing!
Processing fil2018-02-25 18:37:07,362 Iter[3] Batch [40000]	Speed: 144494.53 samples/sec
2018-02-25 18:37:07,362 Iter[3] Batch [40000] 	loss 4.3819097, ppl 79.9906448
2018-02-25 18:48:58,246 Iter[3] Batch [50000]	Speed: 144046.09 samples/sec
2018-02-25 18:48:58,246 Iter[3] Batch [50000] 	loss 4.3794800, ppl 79.7965284
e: /home/ubuntu/gbw/training-monolingual.tokenized.shuffled/news.en-00083-of-00100
Finished processing!
Processing file: /home/ubuntu/gbw/training-monolingual.tokenized.shuffled/news.en-00067-of-00100
Finished processing!
Processing file: /home/ubuntu/gbw/training-monolingual.tokenized.shuffled/news.en-00007-of-00100
Finished processing!
Processing file: /home/ubuntu/gbw/training-monolingual.tokenized.shuffled/news.en-00035-of-00100
Finished processing!
Processing file: /home/ubuntu/gbw/training-monolingual.tokenized.shuffled/news.en-00022-of-00100
Finished processing!
Processing file: /home/ubuntu/gbw/training-monolingual.tokenized.shuffled/news.en-00013-of-00100
Finished processing!
Processing file: /home/ubuntu/gbw/training-monolingual.tokenized.shuffled/news.en-00049-of-00100
Finished processing!
Processing file: /home/ubuntu/gbw/training-monolingual.tokenized.shuffled/news.en-00057-of-00100
Finished processing!
Processing file: /home/ubuntu/gbw/training-monolingual.tokenized.shuffled/news.en-00026-of-00100
Finished processing!
Processing file: /home/ubuntu/gbw/training-monolingual.tokenized.shuffled/news.en-00072-of-00100
Finished processing!
Processing file: /home/ubuntu/gbw/training-monolingual.tokenized.shuffled/news.en-00037-of-00100
Finished processing!
Processing file: /home/ubuntu/gbw/training-monolingual.tokenized.shuffled/news.en-00041-of-00100
Finished processing!
Processing file: /home/ubuntu/gbw/training-monolingual.tokenized.shuffled/news.en-00065-of-00100
Finished processing!
Processing file: /home/ubuntu/gbw/training-monolingual.tokenized.shuffled/news.en-00001-of-00100
Finished processing!
Processing file: /home/ubuntu/gbw/training-monolingual.tokenized.shuffled/news.en-00087-of-00100
Finished processing!
Processing file: /home/ubuntu/gbw/training-monolingual.tokenized.shuffled/news.en-00006-of-00100
Finished processing!
Processing file: /home/ubuntu/gbw/training-monolingual.tokenized.shuffled/news.en-00058-of-00100
Finished processing!
Processing file: /home/ubuntu/gbw/training-monolingual.tokenized.shuffled/news.en-00039-of-00100
Finished processing!
Processing file: /home/ubuntu/gbw/training-monolingual.tokenized.shuffled/news.en-00048-of-00100
Finished processing!
Processing file: /home/ubuntu/gbw/training-monolingual.tokenized.shuffled/news.en-00099-of-00100
Finished processing!
Processing file: /home/ubuntu/gbw/training-monolingual.tokenized.shuffled/news.en-00021-of-00100
Finished processing!
Processing file: /home/ubuntu/gbw/training-monolingual.tokenized.shuffled/news.en-00090-of-00100
Finished processing!
Processing file: /home/ubuntu/gbw/training-monolingual.tokenized.shuffled/news.en-00095-of-00100
Finished processing!
Processing file: /home/ubuntu/gbw/training-monolingual.tokenized.shuffled/news.en-00014-of-00100
Finished processing!
Processing file: /home/ubuntu/gbw/training-monolingual.tokenized.shuffled/news.en-00070-of-00100
Finished processing!
Processing file: /home/ubuntu/gbw/training-monolingual.tokenized.shuffled/news.en-00061-of-00100
Finished processing!
Processing file: /home/ubuntu/gbw/training-monolingual.tokenized.shuffled/news.en-00024-of-00100
Finished processing!
Processing file: /home/ubuntu/gbw/training-monolingual.tokenized.shuffled/news.en-00023-of-00100
Finished processing!
Processing file: /home/ubuntu/gbw/training-monolingual.tokenized.shuffled/news.en-00091-of-00100
Finished processing!
Processing file: /home/ubuntu/gbw/training-monolingual.tokenized.shuffled/news.en-00038-of-00100
Finished processing!
Processing file: /home/ubuntu/gbw/training-monolingual.tokenized.shuffled/news.en-00008-of-00100
Finished processing!
Processing file: /home/ubuntu/gbw/training-monolingual.tokenized.shuffled/news.en-00009-of-00100
Finished processing!
Processing file: /home/ubuntu/gbw/training-monolingual.tokenized.shuffled/news.en-00076-of-00100
Finished processing!
Processing file: /home/ubuntu/gbw/training-monolingual.tokenized.shuffled/news.en-00086-of-00100
Finished processing!
Processing file: /home/ubuntu/gbw/training-monolingual.tokenized.shuffled/news.en-00027-of-00100
F2018-02-25 19:00:49,147 Iter[3] Batch [60000]	Speed: 144042.54 samples/sec
2018-02-25 19:00:49,148 Iter[3] Batch [60000] 	loss 4.3777409, ppl 79.6578779
2018-02-25 19:12:29,850 Iter[3] Batch [70000]	Speed: 146139.19 samples/sec
2018-02-25 19:12:29,850 Iter[3] Batch [70000] 	loss 4.3758063, ppl 79.5039137
2018-02-25 19:22:01,592 Saved checkpoint to "./checkpoint3/-0000.params"
2018-02-25 19:22:02,631 Saved optimizer state to "./checkpoint3/-0000.states"
2018-02-25 19:22:37,058 Iter[3]		 CE loss 4.0078839, ppl 55.0302974. Time cost = 34.33 seconds
inished processing!
Processing file: /home/ubuntu/gbw/training-monolingual.tokenized.shuffled/news.en-00052-of-00100
Finished processing!
Processing file: /home/ubuntu/gbw/training-monolingual.tokenized.shuffled/news.en-00016-of-00100
Finished processing!
Processing file: /home/ubuntu/gbw/training-monolingual.tokenized.shuffled/news.en-00054-of-00100
Finished processing!
Processing file: /home/ubuntu/gbw/training-monolingual.tokenized.shuffled/news.en-00029-of-00100
Finished processing!
Processing file: /home/ubuntu/gbw/training-monolingual.tokenized.shuffled/news.en-00089-of-00100
Finished processing!
Processing file: /home/ubuntu/gbw/training-monolingual.tokenized.shuffled/news.en-00078-of-00100
Finished processing!
Processing file: /home/ubuntu/gbw/training-monolingual.tokenized.shuffled/news.en-00069-of-00100
Finished processing!
Processing file: /home/ubuntu/gbw/training-monolingual.tokenized.shuffled/news.en-00064-of-00100
Finished processing!
Processing file: /home/ubuntu/gbw/training-monolingual.tokenized.shuffled/news.en-00025-of-00100
Finished processing!
Processing file: /home/ubuntu/gbw/training-monolingual.tokenized.shuffled/news.en-00019-of-00100
Finished processing!
Processing file: /home/ubuntu/gbw/training-monolingual.tokenized.shuffled/news.en-00042-of-00100
Finished processing!
Processing file: /home/ubuntu/gbw/training-monolingual.tokenized.shuffled/news.en-00059-of-00100
Finished processing!
Processing file: /home/ubuntu/gbw/training-monolingual.tokenized.shuffled/news.en-00036-of-00100
Finished processing!
Processing file: /home/ubuntu/gbw/training-monolingual.tokenized.shuffled/news.en-00085-of-00100
Finished processing!
Processing file: /home/ubuntu/gbw/training-monolingual.tokenized.shuffled/news.en-00079-of-00100
Finished processing!
Processing file: /home/ubuntu/gbw/training-monolingual.tokenized.shuffled/news.en-00031-of-00100
Finished processing!
Processing file: /home/ubuntu/gbw/training-monolingual.tokenized.shuffled/news.en-00010-of-00100
Finished processing!
Processing file: /home/ubuntu/gbw/training-monolingual.tokenized.shuffled/news.en-00074-of-00100
Finished processing!
Processing file: /home/ubuntu/gbw/training-monolingual.tokenized.shuffled/news.en-00092-of-00100
Finished processing!
Processing file: /home/ubuntu/gbw/training-monolingual.tokenized.shuffled/news.en-00017-of-00100
Finished processing!
Processing file: /home/ubuntu/gbw/training-monolingual.tokenized.shuffled/news.en-00081-of-00100
Finished processing!
Processing file: /home/ubuntu/gbw/training-monolingual.tokenized.shuffled/news.en-00053-of-00100
Finished processing!
Processing file: /home/ubuntu/gbw/training-monolingual.tokenized.shuffled/news.en-00082-of-00100
Finished processing!
Processing file: /home/ubuntu/gbw/training-monolingual.tokenized.shuffled/news.en-00003-of-00100
Finished processing!
Processing file: /home/ubuntu/gbw/training-monolingual.tokenized.shuffled/news.en-00033-of-00100
Finished processing!
[]
Processing file: /home/ubuntu/gbw-validation/heldout-monolingual.tokenized.shuffled/news.en.heldout-00000-of-00050
Finished processing!
reset
reset
Processing file: /home/ubuntu/gbw-validation/heldout-monolingual.tokenized.shuffled/news.en.heldout-00000-of-00050
Processing file: /home/ubuntu/gbw/training-monolingual.tokenized.shuffled/news.en-00028-of-00100
Finished processing!
Finished processing!
Processing file: /home/ubuntu/gbw/training-monolingual.tokenized.shuffled/news.en-00069-of-00100
Finished processing!
Processing file: /home/ubuntu/gbw/training-monolingual.tokenized.shuffled/news.en-00057-of-00100
Finished processing!
Processing file: /home/ubuntu/gbw/training-monolingual.tokenized.shuffled/news.en-00099-of-00100
Finished processing!
Processing file: /home/ubuntu/gbw/training-monolingual.tokenized.shuffled/news.en-00024-of-00100
Finished processing!
Processing file: /home/ubuntu/gbw/training-monolingual.tokenized.shuffled/news.en-00080-of-00100
Finished processing!
Processing file: /home/ubuntu/gbw/training-monolingual.tokenized.shuffled/news.en-00012-of-00100
Finished processing!
Processing fi2018-02-25 19:34:30,712 Iter[4] Batch [10000]	Speed: 143945.08 samples/sec
2018-02-25 19:34:30,712 Iter[4] Batch [10000] 	loss 4.3666509, ppl 78.7793524
2018-02-25 19:46:19,024 Iter[4] Batch [20000]	Speed: 144568.96 samples/sec
2018-02-25 19:46:19,025 Iter[4] Batch [20000] 	loss 4.3661522, ppl 78.7400710
2018-02-25 19:58:05,786 Iter[4] Batch [30000]	Speed: 144886.21 samples/sec
2018-02-25 19:58:05,787 Iter[4] Batch [30000] 	loss 4.3676162, ppl 78.8554358
le: /home/ubuntu/gbw/training-monolingual.tokenized.shuffled/news.en-00072-of-00100
Finished processing!
Processing file: /home/ubuntu/gbw/training-monolingual.tokenized.shuffled/news.en-00027-of-00100
Finished processing!
Processing file: /home/ubuntu/gbw/training-monolingual.tokenized.shuffled/news.en-00065-of-00100
Finished processing!
Processing file: /home/ubuntu/gbw/training-monolingual.tokenized.shuffled/news.en-00090-of-00100
Finished processing!
Processing file: /home/ubuntu/gbw/training-monolingual.tokenized.shuffled/news.en-00001-of-00100
Finished processing!
Processing file: /home/ubuntu/gbw/training-monolingual.tokenized.shuffled/news.en-00093-of-00100
Finished processing!
Processing file: /home/ubuntu/gbw/training-monolingual.tokenized.shuffled/news.en-00011-of-00100
Finished processing!
Processing file: /home/ubuntu/gbw/training-monolingual.tokenized.shuffled/news.en-00014-of-00100
Finished processing!
Processing file: /home/ubuntu/gbw/training-monolingual.tokenized.shuffled/news.en-00031-of-00100
Finished processing!
Processing file: /home/ubuntu/gbw/training-monolingual.tokenized.shuffled/news.en-00089-of-00100
Finished processing!
Processing file: /home/ubuntu/gbw/training-monolingual.tokenized.shuffled/news.en-00054-of-00100
Finished processing!
Processing file: /home/ubuntu/gbw/training-monolingual.tokenized.shuffled/news.en-00064-of-00100
Finished processing!
Processing file: /home/ubuntu/gbw/training-monolingual.tokenized.shuffled/news.en-00052-of-00100
Finished processing!
Processing file: /home/ubuntu/gbw/training-monolingual.tokenized.shuffled/news.en-00098-of-00100
Finished processing!
Processing file: /home/ubuntu/gbw/training-monolingual.tokenized.shuffled/news.en-00067-of-00100
Finished processing!
Processing file: /home/ubuntu/gbw/training-monolingual.tokenized.shuffled/news.en-00087-of-00100
Finished processing!
Processing file: /home/ubuntu/gbw/training-monolingual.tokenized.shuffled/news.en-00041-of-00100
Finished processing!
Processing file: /home/ubuntu/gbw/training-monolingual.tokenized.shuffled/news.en-00038-of-00100
Finished processing!
Processing file: /home/ubuntu/gbw/training-monolingual.tokenized.shuffled/news.en-00003-of-00100
Finished processing!
Processing file: /home/ubuntu/gbw/training-monolingual.tokenized.shuffled/news.en-00005-of-00100
Finished processing!
Processing file: /home/ubuntu/gbw/training-monolingual.tokenized.shuffled/news.en-00023-of-00100
Finished processing!
Processing file: /home/ubuntu/gbw/training-monolingual.tokenized.shuffled/news.en-00018-of-00100
Finished processing!
Processing file: /home/ubuntu/gbw/training-monolingual.tokenized.shuffled/news.en-00026-of-00100
Finished processing!
Processing file: /home/ubuntu/gbw/training-monolingual.tokenized.shuffled/news.en-00060-of-00100
Finished processing!
Processing file: /home/ubuntu/gbw/training-monolingual.tokenized.shuffled/news.en-00022-of-00100
Finished processing!
Processing file: /home/ubuntu/gbw/training-monolingual.tokenized.shuffled/news.en-00073-of-00100
Finished processing!
Processing file: /home/ubuntu/gbw/training-monolingual.tokenized.shuffled/news.en-00035-of-00100
Finished processing!
Processing file: /home/ubuntu/gbw/training-monolingual.tokenized.shuffled/news.en-00059-of-00100
Finished processing!
Processing file: /home/ubuntu/gbw/training-monolingual.tokenized.shuffled/news.en-00021-of-00100
Finished processing!
Processing file: /home/ubuntu/gbw/training-monolingual.tokenized.shuffled/news.en-00013-of-00100
Finished processing!
Processing file: /home/ubuntu/gbw/training-monolingual.tokenized.shuffled/news.en-00034-of-00100
Finished processing!
Processing file: /home/ubuntu/gbw/training-monolingual.tokenized.shuffled/news.en-00074-of-00100
Finished processing!
Processing file: /home/ubuntu/gbw/training-monolingual.tokenized.shuffled/news.en-00040-of-00100
Finished processing!
Processing file: /home/ubuntu/gbw/training-monolingual.tokenized.shuffled/news.en-00086-of-00100
Finished processing!
Processing file: /home/ubuntu/gbw/training-monolingual.tokenized.shuffled/news.en-00002-of-00100
2018-02-25 20:09:53,652 Iter[4] Batch [40000]	Speed: 144660.29 samples/sec
2018-02-25 20:09:53,652 Iter[4] Batch [40000] 	loss 4.3663666, ppl 78.7569527
2018-02-25 20:21:38,755 Iter[4] Batch [50000]	Speed: 145227.00 samples/sec
2018-02-25 20:21:38,756 Iter[4] Batch [50000] 	loss 4.3656859, ppl 78.7033670
Finished processing!
Processing file: /home/ubuntu/gbw/training-monolingual.tokenized.shuffled/news.en-00044-of-00100
Finished processing!
Processing file: /home/ubuntu/gbw/training-monolingual.tokenized.shuffled/news.en-00020-of-00100
Finished processing!
Processing file: /home/ubuntu/gbw/training-monolingual.tokenized.shuffled/news.en-00066-of-00100
Finished processing!
Processing file: /home/ubuntu/gbw/training-monolingual.tokenized.shuffled/news.en-00045-of-00100
Finished processing!
Processing file: /home/ubuntu/gbw/training-monolingual.tokenized.shuffled/news.en-00071-of-00100
Finished processing!
Processing file: /home/ubuntu/gbw/training-monolingual.tokenized.shuffled/news.en-00008-of-00100
Finished processing!
Processing file: /home/ubuntu/gbw/training-monolingual.tokenized.shuffled/news.en-00088-of-00100
Finished processing!
Processing file: /home/ubuntu/gbw/training-monolingual.tokenized.shuffled/news.en-00047-of-00100
Finished processing!
Processing file: /home/ubuntu/gbw/training-monolingual.tokenized.shuffled/news.en-00015-of-00100
Finished processing!
Processing file: /home/ubuntu/gbw/training-monolingual.tokenized.shuffled/news.en-00084-of-00100
Finished processing!
Processing file: /home/ubuntu/gbw/training-monolingual.tokenized.shuffled/news.en-00075-of-00100
Finished processing!
Processing file: /home/ubuntu/gbw/training-monolingual.tokenized.shuffled/news.en-00017-of-00100
Finished processing!
Processing file: /home/ubuntu/gbw/training-monolingual.tokenized.shuffled/news.en-00082-of-00100
Finished processing!
Processing file: /home/ubuntu/gbw/training-monolingual.tokenized.shuffled/news.en-00068-of-00100
Finished processing!
Processing file: /home/ubuntu/gbw/training-monolingual.tokenized.shuffled/news.en-00056-of-00100
Finished processing!
Processing file: /home/ubuntu/gbw/training-monolingual.tokenized.shuffled/news.en-00006-of-00100
Finished processing!
Processing file: /home/ubuntu/gbw/training-monolingual.tokenized.shuffled/news.en-00048-of-00100
Finished processing!
Processing file: /home/ubuntu/gbw/training-monolingual.tokenized.shuffled/news.en-00030-of-00100
Finished processing!
Processing file: /home/ubuntu/gbw/training-monolingual.tokenized.shuffled/news.en-00078-of-00100
Finished processing!
Processing file: /home/ubuntu/gbw/training-monolingual.tokenized.shuffled/news.en-00092-of-00100
Finished processing!
Processing file: /home/ubuntu/gbw/training-monolingual.tokenized.shuffled/news.en-00043-of-00100
Finished processing!
Processing file: /home/ubuntu/gbw/training-monolingual.tokenized.shuffled/news.en-00051-of-00100
Finished processing!
Processing file: /home/ubuntu/gbw/training-monolingual.tokenized.shuffled/news.en-00097-of-00100
Finished processing!
Processing file: /home/ubuntu/gbw/training-monolingual.tokenized.shuffled/news.en-00061-of-00100
Finished processing!
Processing file: /home/ubuntu/gbw/training-monolingual.tokenized.shuffled/news.en-00009-of-00100
Finished processing!
Processing file: /home/ubuntu/gbw/training-monolingual.tokenized.shuffled/news.en-00010-of-00100
Finished processing!
Processing file: /home/ubuntu/gbw/training-monolingual.tokenized.shuffled/news.en-00029-of-00100
Finished processing!
Processing file: /home/ubuntu/gbw/training-monolingual.tokenized.shuffled/news.en-00081-of-00100
Finished processing!
Processing file: /home/ubuntu/gbw/training-monolingual.tokenized.shuffled/news.en-00058-of-00100
Finished processing!
Processing file: /home/ubuntu/gbw/training-monolingual.tokenized.shuffled/news.en-00033-of-00100
Finished processing!
Processing file: /home/ubuntu/gbw/training-monolingual.tokenized.shuffled/news.en-00036-of-00100
Finished processing!
Processing file: /home/ubuntu/gbw/training-monolingual.tokenized.shuffled/news.en-00085-of-00100
Finished processing!
Processing file: /home/ubuntu/gbw/training-monolingual.tokenized.shuffled/news.en-00019-of-00100
Finished processing!
Processing file: /home/ubuntu/gbw/training-monolingual.tokenized.shuffled/news.en-00076-of-00100
Finished processing!
Processing file: /home/ubuntu/gbw/training-monolingual.tokenize2018-02-25 20:33:23,252 Iter[4] Batch [60000]	Speed: 145352.06 samples/sec
2018-02-25 20:33:23,252 Iter[4] Batch [60000] 	loss 4.3633375, ppl 78.5187539
2018-02-25 20:45:11,937 Iter[4] Batch [70000]	Speed: 144493.04 samples/sec
2018-02-25 20:45:11,938 Iter[4] Batch [70000] 	loss 4.3630916, ppl 78.4994456
2018-02-25 20:54:40,036 Saved checkpoint to "./checkpoint3/-0000.params"
2018-02-25 20:54:40,946 Saved optimizer state to "./checkpoint3/-0000.states"
2018-02-25 20:55:15,360 Iter[4]		 CE loss 4.7505335, ppl 115.6459697. Time cost = 34.33 seconds
2018-02-25 20:55:15,360 Training completed. 
d.shuffled/news.en-00016-of-00100
Finished processing!
Processing file: /home/ubuntu/gbw/training-monolingual.tokenized.shuffled/news.en-00037-of-00100
Finished processing!
Processing file: /home/ubuntu/gbw/training-monolingual.tokenized.shuffled/news.en-00091-of-00100
Finished processing!
Processing file: /home/ubuntu/gbw/training-monolingual.tokenized.shuffled/news.en-00070-of-00100
Finished processing!
Processing file: /home/ubuntu/gbw/training-monolingual.tokenized.shuffled/news.en-00042-of-00100
Finished processing!
Processing file: /home/ubuntu/gbw/training-monolingual.tokenized.shuffled/news.en-00063-of-00100
Finished processing!
Processing file: /home/ubuntu/gbw/training-monolingual.tokenized.shuffled/news.en-00046-of-00100
Finished processing!
Processing file: /home/ubuntu/gbw/training-monolingual.tokenized.shuffled/news.en-00025-of-00100
Finished processing!
Processing file: /home/ubuntu/gbw/training-monolingual.tokenized.shuffled/news.en-00095-of-00100
Finished processing!
Processing file: /home/ubuntu/gbw/training-monolingual.tokenized.shuffled/news.en-00053-of-00100
Finished processing!
Processing file: /home/ubuntu/gbw/training-monolingual.tokenized.shuffled/news.en-00083-of-00100
Finished processing!
Processing file: /home/ubuntu/gbw/training-monolingual.tokenized.shuffled/news.en-00096-of-00100
Finished processing!
Processing file: /home/ubuntu/gbw/training-monolingual.tokenized.shuffled/news.en-00004-of-00100
Finished processing!
Processing file: /home/ubuntu/gbw/training-monolingual.tokenized.shuffled/news.en-00079-of-00100
Finished processing!
Processing file: /home/ubuntu/gbw/training-monolingual.tokenized.shuffled/news.en-00077-of-00100
Finished processing!
Processing file: /home/ubuntu/gbw/training-monolingual.tokenized.shuffled/news.en-00094-of-00100
Finished processing!
Processing file: /home/ubuntu/gbw/training-monolingual.tokenized.shuffled/news.en-00007-of-00100
Finished processing!
Processing file: /home/ubuntu/gbw/training-monolingual.tokenized.shuffled/news.en-00050-of-00100
Finished processing!
Processing file: /home/ubuntu/gbw/training-monolingual.tokenized.shuffled/news.en-00049-of-00100
Finished processing!
Processing file: /home/ubuntu/gbw/training-monolingual.tokenized.shuffled/news.en-00055-of-00100
Finished processing!
Processing file: /home/ubuntu/gbw/training-monolingual.tokenized.shuffled/news.en-00062-of-00100
Finished processing!
Processing file: /home/ubuntu/gbw/training-monolingual.tokenized.shuffled/news.en-00032-of-00100
Finished processing!
Processing file: /home/ubuntu/gbw/training-monolingual.tokenized.shuffled/news.en-00039-of-00100
Finished processing!
[]
Processing file: /home/ubuntu/gbw-validation/heldout-monolingual.tokenized.shuffled/news.en.heldout-00000-of-00050
Finished processing!
reset
reset
Processing file: /home/ubuntu/gbw-validation/heldout-monolingual.tokenized.shuffled/news.en.heldout-00000-of-00050
Processing file: /home/ubuntu/gbw/training-monolingual.tokenized.shuffled/news.en-00073-of-00100
Exception in thread Thread-6 (most likely raised during interpreter shutdown):